<?xml version="1.0" encoding="UTF-8"?>
<!-- Generated by org.testng.reporters.JUnitReportReporter -->
<testsuite hostname="DESKTOP-BRIK77V" failures="0" tests="10" name="com.test.CustomerLoginTest" time="20.304" errors="0" timestamp="2023-08-29T13:20:40 IST" skipped="0">
  <testcase classname="com.test.CustomerLoginTest" name="GetCurrentTitle" time="0.182"/>
  <testcase classname="com.test.CustomerLoginTest" name="CoustomerLogin" time="3.001"/>
  <testcase classname="com.test.CustomerLoginTest" name="setDepositAmount" time="3.172"/>
  <testcase classname="com.test.CustomerLoginTest" name="setTransactions" time="4.247"/>
  <testcase classname="com.test.CustomerLoginTest" name="setWithdrawl" time="4.666"/>
  <testcase classname="com.test.CustomerLoginTest" name="logout" time="0.344"/>
  <testcase classname="com.test.CustomerLoginTest" name="managerlogin" time="2.294"/>
  <testcase classname="com.test.CustomerLoginTest" name="customers" time="0.674"/>
  <testcase classname="com.test.CustomerLoginTest" name="openacc" time="1.291"/>
  <testcase classname="com.test.CustomerLoginTest" name="setSearch" time="0.433"/>
</testsuite> <!-- com.test.CustomerLoginTest -->
